<?xml version="1.0" encoding="UTF-8"?>
<testng-results ignored="0" total="1" passed="1" failed="0" skipped="0">
  <reporter-output>
  </reporter-output>
  <suite started-at="2023-08-23T16:05:52 IST" name="Default suite" finished-at="2023-08-23T16:06:21 IST" duration-ms="28625">
    <groups>
    </groups>
    <test started-at="2023-08-23T16:05:52 IST" name="Default test" finished-at="2023-08-23T16:06:21 IST" duration-ms="28625">
      <class name="extentreport.ext">
        <test-method is-config="true" signature="test()[pri:0, instance:extentreport.ext@184cf7cf]" started-at="2023-08-23T16:05:52 IST" name="test" finished-at="2023-08-23T16:06:09 IST" duration-ms="16996" status="PASS">
          <reporter-output>
          </reporter-output>
        </test-method> <!-- test -->
        <test-method signature="Tes1()[pri:0, instance:extentreport.ext@184cf7cf]" started-at="2023-08-23T16:06:09 IST" name="Tes1" finished-at="2023-08-23T16:06:19 IST" duration-ms="9835" status="PASS">
          <reporter-output>
          </reporter-output>
        </test-method> <!-- Tes1 -->
        <test-method is-config="true" signature="aftertest()[pri:0, instance:extentreport.ext@184cf7cf]" started-at="2023-08-23T16:06:19 IST" name="aftertest" finished-at="2023-08-23T16:06:21 IST" duration-ms="1690" status="PASS">
          <reporter-output>
          </reporter-output>
        </test-method> <!-- aftertest -->
      </class> <!-- extentreport.ext -->
    </test> <!-- Default test -->
  </suite> <!-- Default suite -->
</testng-results>
